::1 - - [10/May/2019:15:56:13 +0000] "GET /email HTTP/1.1" 200 12 "-" "PostmanRuntime/7.6.0"
::1 - - [10/May/2019:15:56:30 +0000] "GET /emai HTTP/1.1" 404 143 "-" "PostmanRuntime/7.6.0"
::1 - - [10/May/2019:18:36:05 +0000] "POST /emai HTTP/1.1" 404 144 "-" "PostmanRuntime/7.6.0"
::1 - - [10/May/2019:18:36:10 +0000] "POST /email HTTP/1.1" 500 1424 "-" "PostmanRuntime/7.6.0"
::1 - - [10/May/2019:18:38:29 +0000] "POST /email HTTP/1.1" 500 1424 "-" "PostmanRuntime/7.6.0"
::1 - - [10/May/2019:18:39:17 +0000] "POST /email HTTP/1.1" 500 1424 "-" "PostmanRuntime/7.6.0"
::1 - - [10/May/2019:18:40:09 +0000] "POST /email HTTP/1.1" 500 1424 "-" "PostmanRuntime/7.6.0"
::1 - - [10/May/2019:18:44:55 +0000] "POST /email HTTP/1.1" - - "-" "PostmanRuntime/7.6.0"
::1 - - [10/May/2019:19:04:07 +0000] "POST /email HTTP/1.1" 500 92 "-" "PostmanRuntime/7.6.0"
::1 - - [10/May/2019:19:04:26 +0000] "POST /email HTTP/1.1" 500 92 "-" "PostmanRuntime/7.6.0"
::1 - - [10/May/2019:19:04:47 +0000] "POST /email HTTP/1.1" 500 92 "-" "PostmanRuntime/7.6.0"
::1 - - [10/May/2019:19:05:17 +0000] "POST /email HTTP/1.1" 500 92 "-" "PostmanRuntime/7.6.0"
::1 - - [10/May/2019:19:05:46 +0000] "POST /email HTTP/1.1" 500 230 "-" "PostmanRuntime/7.6.0"
::1 - - [10/May/2019:19:08:24 +0000] "POST /email HTTP/1.1" 500 230 "-" "PostmanRuntime/7.6.0"
::1 - - [10/May/2019:19:12:35 +0000] "POST /email HTTP/1.1" 500 229 "-" "PostmanRuntime/7.6.0"
::1 - - [10/May/2019:19:14:27 +0000] "POST /email HTTP/1.1" 500 230 "-" "PostmanRuntime/7.6.0"
::1 - - [11/May/2019:13:57:01 +0000] "POST /email HTTP/1.1" 500 231 "-" "PostmanRuntime/7.6.0"
::1 - - [12/May/2019:03:23:28 +0000] "POST /email HTTP/1.1" 500 441 "-" "PostmanRuntime/7.6.0"
::1 - - [12/May/2019:03:27:03 +0000] "POST /email HTTP/1.1" 500 441 "-" "PostmanRuntime/7.6.0"
::1 - - [12/May/2019:03:28:00 +0000] "POST /email HTTP/1.1" 500 437 "-" "PostmanRuntime/7.6.0"
::1 - - [12/May/2019:03:30:12 +0000] "POST /email HTTP/1.1" 500 437 "-" "PostmanRuntime/7.6.0"
::1 - - [12/May/2019:03:39:46 +0000] "POST /email HTTP/1.1" 500 441 "-" "PostmanRuntime/7.6.0"
::1 - - [12/May/2019:03:40:41 +0000] "POST /email HTTP/1.1" 500 441 "-" "PostmanRuntime/7.6.0"
::1 - - [12/May/2019:03:44:16 +0000] "POST /email HTTP/1.1" 200 - "-" "PostmanRuntime/7.6.0"
::1 - - [12/May/2019:03:48:36 +0000] "POST /email HTTP/1.1" 200 - "-" "PostmanRuntime/7.6.0"
::1 - - [12/May/2019:03:50:52 +0000] "POST /email HTTP/1.1" 200 - "-" "PostmanRuntime/7.6.0"
::1 - - [12/May/2019:03:55:27 +0000] "POST /email HTTP/1.1" 200 - "-" "PostmanRuntime/7.6.0"
::1 - - [12/May/2019:03:56:19 +0000] "POST /email HTTP/1.1" 200 - "-" "PostmanRuntime/7.6.0"
::1 - - [12/May/2019:03:57:59 +0000] "POST /email HTTP/1.1" 200 - "-" "PostmanRuntime/7.6.0"
::1 - - [12/May/2019:03:58:12 +0000] "POST /email HTTP/1.1" 200 - "-" "PostmanRuntime/7.6.0"
